oyabun% ./find_Bessel_roots 0 10
  k           μ0,k                 J0(μ0k)
  1  2.404825557695771998e+00    4.166805e-16 2.404826
  2  5.520078110286313233e+00   -1.586477e-16 3.115253
  3  8.653727912911008957e+00    8.856492e-16 3.133650
  4  1.179153443901428133e+01   -6.583883e-17 3.137807
  5  1.493091770848778488e+01    2.208658e-16 3.139383
  6  1.807106396791091996e+01   -4.855568e-16 3.140146
  7  2.121163662987925846e+01    8.563933e-17 3.140573
  8  2.435247153074930182e+01   -1.482501e-16 3.140835
  9  2.749347913204025318e+01    2.464784e-16 3.141008
 10  3.063460646843197210e+01   -4.344645e-16 3.141127
oyabun% ./find_Bessel_roots 1 10
  k           μ1,k                 J1(μ1k)
  1  3.831705970207510692e+00    7.917475e-16 3.831706
  2  7.015586669815595755e+00   -2.454516e-15 3.183881
  3  1.017346813506271985e+01    5.547780e-16 3.157881
  4  1.332369193631422100e+01   -4.450934e-16 3.150224
  5  1.647063005087763088e+01    3.800637e-16 3.146938
  6  1.961585851046823592e+01   -1.098267e-15 3.145228
  7  2.276008438059276529e+01    1.106161e-15 3.144226
  8  2.590367208761837503e+01   -1.190324e-15 3.143588
  9  2.904682853491684469e+01    1.535575e-15 3.143156
 10  3.218967991097439096e+01   -1.780232e-15 3.142851
oyabun% ./find_Bessel_roots 2 10
  k           μ2,k                 J2(μ2k)
  1  5.135622301840683690e+00    4.440892e-16 5.135622
  2  8.417244140399862573e+00   -5.967449e-16 3.281622
  3  1.161984117214905865e+01    1.942890e-16 3.202597
  4  1.479595178235125630e+01   -9.089951e-16 3.176111
  5  1.795981949498782626e+01    3.816392e-17 3.163868
  6  2.111699705302184071e+01   -8.500145e-16 3.157178
  7  2.427011231357309384e+01    1.417269e-15 3.153115
  8  2.742057354998455665e+01   -1.006140e-16 3.150461
  9  3.056920449551638796e+01    1.309716e-15 3.148631
 10  3.371651950922269236e+01   -1.037365e-15 3.147315
oyabun%
